2022-12-07 20:58:18,715 ERROR Main: Name is null
2022-12-07 21:06:49,372 ERROR Main: Name is null
2022-12-07 21:08:04,728 ERROR Main: Name is null
2022-12-07 21:11:11,807 ERROR Main: Name is null
2022-12-07 21:13:22,005 ERROR Main: Name is blank
2022-12-07 21:13:22,012 ERROR Main: Name is blank
2022-12-07 21:13:22,013 ERROR Main: Name is blank
2022-12-07 21:13:22,015 ERROR Main: Name is blank
2022-12-07 21:14:16,290 ERROR Main: Distance is negative
2022-12-07 21:14:30,865 DEBUG Main: Создание Horse, имя [name], скорость [0.0]
2022-12-07 21:14:41,245 DEBUG Main: Создание Horse, имя [name], скорость [1.0]
2022-12-07 21:15:52,295 DEBUG Main: Создание Horse, имя [name], скорость [0.0]
2022-12-07 21:15:55,620 DEBUG Main: Создание Horse, имя [name], скорость [0.0]
2022-12-07 21:16:29,428 DEBUG Main: Создание Horse, имя [name], скорость [5.0]
2022-12-07 21:33:47,716 DEBUG Main: Создание Horse, имя [Horse], скорость [5.0]
2022-12-07 21:33:47,739 DEBUG Main: Создание Horse, имя [Horse], скорость [5.0]
2022-12-07 21:33:47,743 DEBUG Main: Создание Horse, имя [Horse], скорость [5.0]
2022-12-07 21:37:57,013 ERROR Main: Horses list is null
2022-12-07 21:37:57,019 DEBUG Main: Создание Horse, имя [name0], скорость [1.0]
2022-12-07 21:37:57,019 DEBUG Main: Создание Horse, имя [name1], скорость [2.0]
2022-12-07 21:37:57,019 DEBUG Main: Создание Horse, имя [name2], скорость [3.0]
2022-12-07 21:37:57,019 DEBUG Main: Создание Horse, имя [name3], скорость [4.0]
2022-12-07 21:37:57,019 DEBUG Main: Создание Horse, имя [name4], скорость [5.0]
2022-12-07 21:37:57,019 DEBUG Main: Создание Horse, имя [name5], скорость [6.0]
2022-12-07 21:37:57,020 DEBUG Main: Создание Horse, имя [name6], скорость [7.0]
2022-12-07 21:37:57,020 DEBUG Main: Создание Horse, имя [name7], скорость [8.0]
2022-12-07 21:37:57,020 DEBUG Main: Создание Horse, имя [name8], скорость [9.0]
2022-12-07 21:37:57,020 DEBUG Main: Создание Horse, имя [name9], скорость [10.0]
2022-12-07 21:37:57,020 DEBUG Main: Создание Horse, имя [name10], скорость [11.0]
2022-12-07 21:37:57,020 DEBUG Main: Создание Horse, имя [name11], скорость [12.0]
2022-12-07 21:37:57,020 DEBUG Main: Создание Horse, имя [name12], скорость [13.0]
2022-12-07 21:37:57,020 DEBUG Main: Создание Horse, имя [name13], скорость [14.0]
2022-12-07 21:37:57,020 DEBUG Main: Создание Horse, имя [name14], скорость [15.0]
2022-12-07 21:37:57,020 DEBUG Main: Создание Horse, имя [name15], скорость [16.0]
2022-12-07 21:37:57,020 DEBUG Main: Создание Horse, имя [name16], скорость [17.0]
2022-12-07 21:37:57,020 DEBUG Main: Создание Horse, имя [name17], скорость [18.0]
2022-12-07 21:37:57,020 DEBUG Main: Создание Horse, имя [name18], скорость [19.0]
2022-12-07 21:37:57,020 DEBUG Main: Создание Horse, имя [name19], скорость [20.0]
2022-12-07 21:37:57,020 DEBUG Main: Создание Horse, имя [name20], скорость [21.0]
2022-12-07 21:37:57,020 DEBUG Main: Создание Horse, имя [name21], скорость [22.0]
2022-12-07 21:37:57,020 DEBUG Main: Создание Horse, имя [name22], скорость [23.0]
2022-12-07 21:37:57,020 DEBUG Main: Создание Horse, имя [name23], скорость [24.0]
2022-12-07 21:37:57,021 DEBUG Main: Создание Horse, имя [name24], скорость [25.0]
2022-12-07 21:37:57,021 DEBUG Main: Создание Horse, имя [name25], скорость [26.0]
2022-12-07 21:37:57,021 DEBUG Main: Создание Horse, имя [name26], скорость [27.0]
2022-12-07 21:37:57,021 DEBUG Main: Создание Horse, имя [name27], скорость [28.0]
2022-12-07 21:37:57,021 DEBUG Main: Создание Horse, имя [name28], скорость [29.0]
2022-12-07 21:37:57,021 DEBUG Main: Создание Horse, имя [name29], скорость [30.0]
2022-12-07 21:37:57,021 DEBUG Main: Создание Hippodrome, лошадей [30]
2022-12-07 21:37:57,022 ERROR Main: Horses list is empty
2022-12-07 21:37:57,023 DEBUG Main: Создание Horse, имя [min], скорость [1.0]
2022-12-07 21:37:57,023 DEBUG Main: Создание Horse, имя [medium], скорость [1.0]
2022-12-07 21:37:57,023 DEBUG Main: Создание Horse, имя [max], скорость [1.0]
2022-12-07 21:37:57,023 DEBUG Main: Создание Hippodrome, лошадей [3]
2022-12-07 21:37:57,446 DEBUG Main: Создание Hippodrome, лошадей [50]
2022-12-07 21:40:08,585 DEBUG Main: Создание Horse, имя [Буцефал], скорость [2.4]
2022-12-07 21:40:08,587 DEBUG Main: Создание Horse, имя [Туз Пик], скорость [2.5]
2022-12-07 21:40:08,587 DEBUG Main: Создание Horse, имя [Зефир], скорость [2.6]
2022-12-07 21:40:08,587 DEBUG Main: Создание Horse, имя [Пожар], скорость [2.7]
2022-12-07 21:40:08,587 DEBUG Main: Создание Horse, имя [Лобстер], скорость [2.8]
2022-12-07 21:40:08,587 DEBUG Main: Создание Horse, имя [Пегас], скорость [2.9]
2022-12-07 21:40:08,587 DEBUG Main: Создание Horse, имя [Вишня], скорость [3.0]
2022-12-07 21:40:08,587 DEBUG Main: Создание Hippodrome, лошадей [7]
2022-12-07 21:40:08,587 INFO  Main: Начало скачек. Количество участников: 7
2022-12-07 21:40:09,207 INFO  Main: Окончание скачек. Победитель: Зефир
2022-12-07 21:45:58,620 DEBUG Main: Создание Horse, имя [name], скорость [0.0]
2022-12-07 21:45:58,706 DEBUG Main: Создание Horse, имя [name], скорость [0.0]
2022-12-07 21:45:58,711 ERROR Main: Name is blank
2022-12-07 21:45:58,713 ERROR Main: Name is blank
2022-12-07 21:45:58,716 ERROR Main: Name is blank
2022-12-07 21:45:58,718 ERROR Main: Name is blank
2022-12-07 21:45:58,719 DEBUG Main: Создание Horse, имя [name], скорость [0.0]
2022-12-07 21:45:58,720 ERROR Main: Speed is negative
2022-12-07 21:45:58,721 ERROR Main: Distance is negative
2022-12-07 21:45:58,724 ERROR Main: Name is null
2022-12-07 21:45:58,725 DEBUG Main: Создание Horse, имя [name], скорость [1.0]
2022-12-07 21:46:32,494 ERROR Main: Name is blank
2022-12-07 21:46:32,500 ERROR Main: Name is blank
2022-12-07 21:46:32,501 ERROR Main: Name is blank
2022-12-07 21:46:32,503 ERROR Main: Name is blank
2022-12-07 21:46:36,317 ERROR Main: Name is null
2022-12-07 21:46:41,476 ERROR Main: Speed is negative
2022-12-07 21:46:45,158 ERROR Main: Distance is negative
2022-12-07 21:46:48,215 DEBUG Main: Создание Horse, имя [name], скорость [0.0]
2022-12-07 21:46:51,273 DEBUG Main: Создание Horse, имя [name], скорость [1.0]
2022-12-07 21:46:54,473 DEBUG Main: Создание Horse, имя [name], скорость [0.0]
2022-12-07 21:46:58,758 DEBUG Main: Создание Horse, имя [name], скорость [0.0]
2022-12-07 21:47:02,828 DEBUG Main: Создание Horse, имя [name], скорость [5.0]
2022-12-07 21:47:12,480 DEBUG Main: Создание Horse, имя [Horse], скорость [5.0]
2022-12-07 21:47:12,503 DEBUG Main: Создание Horse, имя [Horse], скорость [5.0]
2022-12-07 21:47:12,506 DEBUG Main: Создание Horse, имя [Horse], скорость [5.0]
